<?xml version="1.0" encoding="UTF-8"?>
<!-- Generated by org.testng.reporters.JUnitXMLReporter -->
<testsuite ignored="0" hostname="IBM-PF2ZFREJ" failures="1" tests="3" name="Command line test" time="15.045" errors="0" timestamp="2023-04-20T18:54:23 IST">
  <testcase classname="tests.NoPOMTest" name="test_Home_Page_Appear_Correct" time="0.173">
    <failure type="java.lang.IllegalStateException" message="The driver executable must exist: C:\Software\drivers\chromedriver.exe">
      <![CDATA[java.lang.IllegalStateException: The driver executable must exist: C:\Software\drivers\chromedriver.exe
at org.openqa.selenium.internal.Require$FileStateChecker.isFile(Require.java:345)
at org.openqa.selenium.remote.service.DriverFinder.getPath(DriverFinder.java:39)
at org.openqa.selenium.chrome.ChromeDriver.generateExecutor(ChromeDriver.java:98)
at org.openqa.selenium.chrome.ChromeDriver.<init>(ChromeDriver.java:88)
at org.openqa.selenium.chrome.ChromeDriver.<init>(ChromeDriver.java:84)
at org.openqa.selenium.chrome.ChromeDriver.<init>(ChromeDriver.java:52)
at tests.NoPOMTest.test_Home_Page_Appear_Correct(NoPOMTest.java:16)
at java.base/java.util.ArrayList.forEach(ArrayList.java:1511)
... Removed 33 stack frames]]>
    </failure>
  </testcase> <!-- test_Home_Page_Appear_Correct -->
  <testcase classname="tests.TestLogin" name="test_Home_Page_Appear_Correct" time="1.257"/>
  <testcase classname="tests.TestLoginWithPageFactory" name="test_Home_Page_Appear_Correct" time="3.067"/>
</testsuite> <!-- Command line test -->
