<?xml version="1.0" encoding="UTF-8"?>
<testng-results ignored="0" total="1" passed="1" failed="0" skipped="0">
  <reporter-output>
  </reporter-output>
  <suite started-at="2023-04-20T12:27:29 IST" name="Default suite" finished-at="2023-04-20T12:27:39 IST" duration-ms="10294">
    <groups>
    </groups>
    <test started-at="2023-04-20T12:27:29 IST" name="Default test" finished-at="2023-04-20T12:27:39 IST" duration-ms="10294">
      <class name="tests.TestLoginWithPageFactory">
        <test-method is-config="true" signature="setup()[pri:0, instance:tests.TestLoginWithPageFactory@57a3af25]" started-at="2023-04-20T12:27:29 IST" name="setup" finished-at="2023-04-20T12:27:36 IST" duration-ms="6921" status="PASS">
          <reporter-output>
          </reporter-output>
        </test-method> <!-- setup -->
        <test-method signature="test_Home_Page_Appear_Correct()[pri:0, instance:tests.TestLoginWithPageFactory@57a3af25]" started-at="2023-04-20T12:27:36 IST" name="test_Home_Page_Appear_Correct" finished-at="2023-04-20T12:27:39 IST" duration-ms="3273" status="PASS">
          <reporter-output>
          </reporter-output>
        </test-method> <!-- test_Home_Page_Appear_Correct -->
      </class> <!-- tests.TestLoginWithPageFactory -->
    </test> <!-- Default test -->
  </suite> <!-- Default suite -->
</testng-results>
