<?xml version="1.0" encoding="UTF-8"?>
<testng-results ignored="0" total="1" passed="1" failed="0" skipped="0">
  <reporter-output>
  </reporter-output>
  <suite started-at="2023-04-21T09:12:09 IST" name="Default suite" finished-at="2023-04-21T09:12:15 IST" duration-ms="5890">
    <groups>
    </groups>
    <test started-at="2023-04-21T09:12:09 IST" name="Default test" finished-at="2023-04-21T09:12:15 IST" duration-ms="5890">
      <class name="tests.NoPOMTest">
        <test-method signature="test_Home_Page_Appear_Correct()[pri:0, instance:tests.NoPOMTest@6b927fb]" started-at="2023-04-21T09:12:09 IST" name="test_Home_Page_Appear_Correct" finished-at="2023-04-21T09:12:15 IST" duration-ms="5824" status="PASS">
          <reporter-output>
          </reporter-output>
        </test-method> <!-- test_Home_Page_Appear_Correct -->
      </class> <!-- tests.NoPOMTest -->
    </test> <!-- Default test -->
  </suite> <!-- Default suite -->
</testng-results>
